\BOOKMARK [1][-]{section.1}{Pr\351sentation du site}{}% 1
\BOOKMARK [2][-]{subsection.1.1}{URL}{section.1}% 2
\BOOKMARK [2][-]{subsection.1.2}{Pr\351sentation du site}{section.1}% 3
\BOOKMARK [1][-]{section.2}{Techniques des cartes \340 trier}{}% 4
\BOOKMARK [1][-]{section.3}{\311valuation du site par les utilisateurs}{}% 5
\BOOKMARK [1][-]{section.4}{Probl\350mes ergonomiques importants}{}% 6
\BOOKMARK [2][-]{subsection.4.1}{L'exp\351rience utilisateur}{section.4}% 7
\BOOKMARK [2][-]{subsection.4.2}{Contenu}{section.4}% 8
\BOOKMARK [2][-]{subsection.4.3}{Mise en page}{section.4}% 9
\BOOKMARK [2][-]{subsection.4.4}{L'utilisation des multim\351dias }{section.4}% 10
\BOOKMARK [1][-]{section.5}{Transgression de r\350gles ergonomiques}{}% 11
\BOOKMARK [2][-]{subsection.5.1}{R\350gle 1:1 : Fournir du contenu utile }{section.5}% 12
\BOOKMARK [2][-]{subsection.5.2}{R\350gle 2:4 : R\351duire la charge de travail de l'utilisateur}{section.5}% 13
\BOOKMARK [2][-]{subsection.5.3}{R\350gle 6:4 : Structurer pour faciliter les comparaisons}{section.5}% 14
\BOOKMARK [2][-]{subsection.5.4}{R\350gle 7:6 : Utiliser des labels d'onglets coh\351rents}{section.5}% 15
\BOOKMARK [2][-]{subsection.5.5}{R\350gle 10:2 : Proposer des liens vers du contenu relatif}{section.5}% 16
\BOOKMARK [2][-]{subsection.5.6}{R\350gle 14:3 : S'assurer que les images ne ralentissent pas le t\351l\351chargement de la page}{section.5}% 17
\BOOKMARK [2][-]{subsection.5.7}{R\350gle 14:4 : Utiliser les vid\351os, les animation et l'audio de mani\350re sens\351e}{section.5}% 18
\BOOKMARK [2][-]{subsection.5.8}{R\350gle 15:6 : Utiliser des casses diff\351rentes dans la prose}{section.5}% 19
\BOOKMARK [2][-]{subsection.5.9}{R\350gle 16:3 : S'assurer que l'information n\351cessaire soit affich\351e }{section.5}% 20
\BOOKMARK [1][-]{section.6}{Source}{}% 21
